<?xml version="1.0" encoding="UTF-8"?>
<!-- Generated by org.testng.reporters.JUnitXMLReporter -->
<testsuite ignored="0" hostname="Gowtham" failures="0" tests="4" name="Default test" time="38.52" errors="0" timestamp="2025-08-23T11:51:03 IST">
  <testcase classname="Labsession19_08.Addtocart" name="mobile" time="13.512"/>
  <testcase classname="Labsession19_08.Addtocart" name="testcase1" time="0.002"/>
  <testcase classname="Labsession19_08.Addtocart" name="testcase2" time="0.002"/>
  <testcase classname="Labsession19_08.Addtocart" name="testcase3" time="0.001"/>
</testsuite> <!-- Default test -->
