<?xml version="1.0" encoding="UTF-8"?>
<!-- Generated by org.testng.reporters.JUnitXMLReporter -->
<testsuite ignored="2" hostname="Gowtham" failures="0" tests="1" name="Functional testcases" time="0.065" errors="0" timestamp="2025-08-23T12:40:32 IST">
  <testcase classname="Labsession16_08.GroupingTests" name="loginTest" time="0.014"/>
  <testcase classname="Labsession16_08.GroupingTests" name="paymentTest" time="0.0">
    <ignored/>
  </testcase> <!-- paymentTest -->
  <testcase classname="Labsession16_08.GroupingTests" name="logoutTest" time="0.0">
    <ignored/>
  </testcase> <!-- logoutTest -->
</testsuite> <!-- Functional testcases -->
