<?xml version="1.0" encoding="UTF-8"?>
<!-- Generated by org.testng.reporters.JUnitXMLReporter -->
<testsuite ignored="1" hostname="Gowtham" failures="0" tests="2" name="SmokeTestsOnly" time="0.086" errors="0" timestamp="2025-08-23T12:16:14 IST">
  <testcase classname="Labsession16_08.GroupingTests" name="loginTest" time="0.011"/>
  <testcase classname="Labsession16_08.GroupingTests" name="logoutTest" time="0.002"/>
  <testcase classname="Labsession16_08.GroupingTests" name="paymentTest" time="0.0">
    <ignored/>
  </testcase> <!-- paymentTest -->
</testsuite> <!-- SmokeTestsOnly -->
