<?xml version="1.0" encoding="UTF-8"?>
<!-- Generated by org.testng.reporters.JUnitXMLReporter -->
<testsuite ignored="0" hostname="Gowtham" failures="0" tests="3" name="LoginTests" time="38.484" errors="0" timestamp="2025-08-18T16:17:01 IST">
  <testcase classname="Labsession18_08.Allwebsites$login" name="negativePasswordTest" time="13.51"/>
  <testcase classname="Labsession18_08.Allwebsites$login" name="positiveLoginTest" time="12.766"/>
  <testcase classname="Labsession18_08.Allwebsites$login" name="negativeUsernameTest" time="12.197"/>
</testsuite> <!-- LoginTests -->
