<?xml version="1.0" encoding="UTF-8"?>
<!-- Generated by org.testng.reporters.JUnitXMLReporter -->
<testsuite ignored="0" hostname="Gowtham" failures="0" tests="5" name="DemoBlazeTest" time="90.864" errors="0" timestamp="2025-09-03T16:00:12 IST">
  <testcase classname="project_TestNG.DemoBlazeProject" name="signUp" time="15.384"/>
  <testcase classname="project_TestNG.DemoBlazeProject" name="login" time="12.308"/>
  <testcase classname="project_TestNG.DemoBlazeProject" name="addToCart" time="29.608"/>
  <testcase classname="project_TestNG.DemoBlazeProject" name="placeOrder" time="25.783"/>
  <testcase classname="project_TestNG.DemoBlazeProject" name="logout" time="4.131"/>
</testsuite> <!-- DemoBlazeTest -->
