<?xml version="1.0" encoding="UTF-8"?>
<!-- Generated by org.testng.reporters.JUnitXMLReporter -->
<testsuite ignored="2" hostname="Gowtham" failures="0" tests="2" name="SanityAndSmokeTests" time="0.085" errors="0" timestamp="2025-08-23T11:56:04 IST">
  <testcase classname="Labsession16_08.GroupingUsers" name="createUser" time="0.012"/>
  <testcase classname="Labsession16_08.GroupingUsers" name="viewUser" time="0.002"/>
  <testcase classname="Labsession16_08.GroupingUsers" name="deleteUser" time="0.0">
    <ignored/>
  </testcase> <!-- deleteUser -->
  <testcase classname="Labsession16_08.GroupingUsers" name="updateUser" time="0.0">
    <ignored/>
  </testcase> <!-- updateUser -->
</testsuite> <!-- SanityAndSmokeTests -->
